GET /login HTTP/1.1
Host: portal.vn.teslamotors.com
Connection: Keep-Alive
Accept-Encoding: gzip deflate


HTTP/1.1 200 OK
Content-Type: text/html; charset=utf-8
X-UA-Compatible: IE=Edge,chrome=1
ETag: "68693d0c80ee503a112cafc18a273525"
Cache-Control: max-age=0, private, must-revalidate
Set-Cookie: _s_portal_session=x; path=/; secure; HttpOnly
X-Request-Id: 80985fcba166592ed09cce956fd395d6
X-Runtime: 0.006161
Date: Sun, 03 Feb 2013 03:01:52 GMT
X-Rack-Cache: miss
Server: thin 1.4.1 codename Chromeo
Transfer-Encoding: chunked

205
<!DOCTYPE html>
<html>
<head>
<title>Portal</title>
<script src="/assets/application-a5592d882a1bdc39d6b26c108a8ffbe0.js" type="text/javascript"></script>
<meta content="authenticity_token" name="csrf-param" />
<meta content="kOHBAsesbSMy0AJKsPC7f9aI/QgE9g4SxbUcfZAhvdg=" name="csrf-token" />
<meta name="csrf-token" content="kOHBAsesbSMy0AJKsPC7f9aI/QgE9g4SxbUcfZAhvdg=">

<link href='/images/favicon.ico' rel='shortcut icon'>

</head>
<body>
<header>
<li><a href="/login">Login</a></li>
</header>


</body>
</html>

0


