POST /login HTTP/1.1
Content-Length: 81
Content-Type: application/x-www-form-urlencoded; charset=UTF-8
Host: portal.vn.teslamotors.com
Connection: Keep-Alive
Cookie: _s_portal_session=BAh7B0kiD3Nlc3Npb25faWQGOgZFRkkiJWI2YzM0ZTJkMzZkMTk4ZWVkYjkzYzBiYWNmMzI3MTZkBjsAVEkiEF9jc3JmX3Rva2VuBjsARkkiMWtPSEJBc2VzYlNNeTBBSktzUEM3ZjlhSS9RZ0U5ZzRTeGJVY2ZaQWh2ZGc9BjsARg%3D%3D--da659682afba93065edfe2932903edc6eb16d0ac
Cookie2: $Version=1
Accept-Encoding: gzip deflate

user_session%5Bpassword%5D=xxx&user_session%5Bemail%5D=xxx%40xxx.com
HTTP/1.1 302 Found
Location: https://portal.vn.teslamotors.com/
Content-Type: text/html; charset=utf-8
X-UA-Compatible: IE=Edge,chrome=1
Cache-Control: no-cache
Set-Cookie: user_credentials=x; path=/; expires=Fri, 03-May-2013 03:01:54 GMT; secure; HttpOnly
Set-Cookie: _s_portal_session=x; path=/; secure; HttpOnly
X-Request-Id: a1c6e1dc7d2ba9c1c8cdec6ad536b2e4
X-Runtime: 1.129245
Date: Sun, 03 Feb 2013 03:01:54 GMT
X-Rack-Cache: invalidate, pass
Server: thin 1.4.1 codename Chromeo
Transfer-Encoding: chunked

64
<html><body>You are being <a href="https://portal.vn.teslamotors.com/">redirected</a>.</body></html>
0


