GET / HTTP/1.1
Host: portal.vn.teslamotors.com
Connection: Keep-Alive
Cookie: _s_portal_session=x; user_credentials=x
Cookie2: $Version=1
Accept-Encoding: gzip deflate


HTTP/1.1 200 OK
Content-Type: text/html; charset=utf-8
X-UA-Compatible: IE=Edge,chrome=1
ETag: "389b2980d80c9fac569172b31c06dddb"
Cache-Control: must-revalidate, private, max-age=0
Set-Cookie: _s_portal_session=x; path=/; secure; HttpOnly
X-Request-Id: 2c54d0edded8b93de51a3cbf8a5dd3e9
X-Runtime: 0.007121
Date: Sun, 03 Feb 2013 03:01:54 GMT
X-Rack-Cache: miss
Server: thin 1.4.1 codename Chromeo
Transfer-Encoding: chunked

249
<!DOCTYPE html>
<html>
<head>
<title>Portal</title>
<script src="/assets/application-a5592d882a1bdc39d6b26c108a8ffbe0.js" type="text/javascript"></script>
<meta content="authenticity_token" name="csrf-param" />
<meta content="6/1QjgCk7xTyDJGAK8xIpCNAShD8a6NSco4rbEyz6bw=" name="csrf-token" />
<meta name="csrf-token" content="6/1QjgCk7xTyDJGAK8xIpCNAShD8a6NSco4rbEyz6bw=">

<link href='/images/favicon.ico' rel='shortcut icon'>

</head>
<body>
<header>

<li>
<a href="/logout" data-method="delete" rel="nofollow">Logout</a>
</li>
</header>

Welcome to the portal app.

</body>
</html>

0


